<?xml version="1.0" encoding="UTF-8"?>
<testsuite xmlns:xsi="http://www.w3.org/2001/XMLSchema-instance" xsi:noNamespaceSchemaLocation="https://maven.apache.org/surefire/maven-surefire-plugin/xsd/surefire-test-report.xsd" version="3.0.2" name="cpsc450.HW8Test" time="0.043" tests="16" errors="0" skipped="0" failures="0">
  <properties>
[...]
</properties>
  <testcase name="primFiveEdgeTest" classname="cpsc450.HW8Test" time="0.015"/>
  <testcase name="primOppositeFiveEdgeTest" classname="cpsc450.HW8Test" time="0.001"/>
  <testcase name="primThreeEdgeTest" classname="cpsc450.HW8Test" time="0.0"/>
  <testcase name="primOppositeThreeEdgeTest" classname="cpsc450.HW8Test" time="0.0"/>
  <testcase name="primOneEdgeTest" classname="cpsc450.HW8Test" time="0.0"/>
  <testcase name="bellmanFordPositiveThreeVertexLongRoute" classname="cpsc450.HW8Test" time="0.001">
    <system-out><![CDATA[[0, 2147483647, 2147483647]
[0, 1, 3]
]]></system-out>
  </testcase>
  <testcase name="bellmanFordNegativeFourVertex" classname="cpsc450.HW8Test" time="0.0">
    <system-out><![CDATA[[0, 2147483647, 2147483647, 2147483647]
[0, 1, 3, -1]
[0, 1, 3, -1]
]]></system-out>
  </testcase>
  <testcase name="primOneVertexTest" classname="cpsc450.HW8Test" time="0.001"/>
  <testcase name="bellmanFordPositiveFourVertex" classname="cpsc450.HW8Test" time="0.001">
    <system-out><![CDATA[[0, 2147483647, 2147483647, 2147483647]
[0, 1, 6, 3]
[0, 1, 6, 3]
]]></system-out>
  </testcase>
  <testcase name="bellmanFordNegativeCycle" classname="cpsc450.HW8Test" time="0.001">
    <system-out><![CDATA[[0, 2147483647, 2147483647, 2147483647, 2147483647]
[0, -9, 3, 1, 6]
[0, -9, -7, 0, -4]
[0, -10, -7, 0, -4]
]]></system-out>
  </testcase>
  <testcase name="bellmanFordPositiveThreeVertexShortcut" classname="cpsc450.HW8Test" time="0.001">
    <system-out><![CDATA[[0, 2147483647, 2147483647]
[0, 1, 2]
]]></system-out>
  </testcase>
  <testcase name="bellmanFordOneVertexTest" classname="cpsc450.HW8Test" time="0.0"/>
  <testcase name="bellmanFordPositiveTwoVertexWithPath" classname="cpsc450.HW8Test" time="0.001">
    <system-out><![CDATA[[0, 2147483647]
]]></system-out>
  </testcase>
  <testcase name="bellmanFordNegativeFiveVertex" classname="cpsc450.HW8Test" time="0.0">
    <system-out><![CDATA[[0, 2147483647, 2147483647, 2147483647, 2147483647]
[0, 6, 4, 7, 2]
[0, 2, 4, 7, 2]
[0, 2, 4, 7, -2]
]]></system-out>
  </testcase>
  <testcase name="bellmanFordPositiveTwoVertexNoPath" classname="cpsc450.HW8Test" time="0.0">
    <system-out><![CDATA[[0, 2147483647]
]]></system-out>
  </testcase>
  <testcase name="bellmanFordPositiveFourVertexDifferentStart" classname="cpsc450.HW8Test" time="0.001">
    <system-out><![CDATA[[2147483647, 0, 2147483647, 2147483647]
[7, 0, 5, 2]
[6, 0, 5, 2]
]]></system-out>
  </testcase>
</testsuite>